<?xml version="1.0" encoding="UTF-8"?>
<testng-results skipped="0" failed="0" total="1" passed="1">
  <reporter-output>
  </reporter-output>
  <suite name="Default suite" duration-ms="10245" started-at="2016-03-17T10:57:37Z" finished-at="2016-03-17T10:57:48Z">
    <groups>
    </groups>
    <test name="Default test" duration-ms="10245" started-at="2016-03-17T10:57:37Z" finished-at="2016-03-17T10:57:48Z">
      <class name="Testcases.OpenLimitControlTest">
        <test-method status="PASS" signature="setUp()[pri:0, instance:Testcases.OpenLimitControlTest@3ac3fd8b]" name="setUp" is-config="true" duration-ms="3059" started-at="2016-03-17T17:57:38Z" finished-at="2016-03-17T17:57:41Z">
          <reporter-output>
          </reporter-output>
        </test-method> <!-- setUp -->
        <test-method status="PASS" signature="OpenLimitControl(java.lang.String, java.lang.String, java.lang.String, java.lang.String, java.lang.String, java.lang.String, java.lang.String, java.lang.String, java.lang.String, java.lang.String, java.lang.String, java.lang.String, java.lang.String, java.lang.String, java.lang.String, java.lang.String, java.lang.String, java.lang.String, java.lang.String, java.lang.String, java.lang.String, java.lang.String, java.lang.String, java.lang.String, java.lang.String, java.lang.String)[pri:0, instance:Testcases.OpenLimitControlTest@3ac3fd8b]" name="OpenLimitControl" duration-ms="6710" started-at="2016-03-17T17:57:41Z" data-provider="DataSource" finished-at="2016-03-17T17:57:47Z">
          <params>
            <param index="0">
              <value>
                <![CDATA[1]]>
              </value>
            </param>
            <param index="1">
              <value>
                <![CDATA[1311268]]>
              </value>
            </param>
            <param index="2">
              <value>
                <![CDATA[0060000.01]]>
              </value>
            </param>
            <param index="3">
              <value>
                <![CDATA[VND]]>
              </value>
            </param>
            <param index="4">
              <value>
                <![CDATA[VN]]>
              </value>
            </param>
            <param index="5">
              <value>
                <![CDATA[20160317]]>
              </value>
            </param>
            <param index="6">
              <value>
                <![CDATA[20160317]]>
              </value>
            </param>
            <param index="7">
              <value>
                <![CDATA[20160317]]>
              </value>
            </param>
            <param index="8">
              <value>
                <![CDATA[20160317]]>
              </value>
            </param>
            <param index="9">
              <value>
                <![CDATA[M0101]]>
              </value>
            </param>
            <param index="10">
              <value>
                <![CDATA[20170317]]>
              </value>
            </param>
            <param index="11">
              <value>
                <![CDATA[100000000]]>
              </value>
            </param>
            <param index="12">
              <value>
                <![CDATA[VN0010133]]>
              </value>
            </param>
            <param index="13">
              <value>
                <![CDATA[100000000]]>
              </value>
            </param>
            <param index="14">
              <value is-null="true"/>
            </param>
            <param index="15">
              <value>
                <![CDATA[Y]]>
              </value>
            </param>
            <param index="16">
              <value is-null="true"/>
            </param>
            <param index="17">
              <value>
                <![CDATA[Fixed]]>
              </value>
            </param>
            <param index="18">
              <value is-null="true"/>
            </param>
            <param index="19">
              <value is-null="true"/>
            </param>
            <param index="20">
              <value>
                <![CDATA[100000000]]>
              </value>
            </param>
            <param index="21">
              <value>
                <![CDATA[100000000]]>
              </value>
            </param>
            <param index="22">
              <value>
                <![CDATA[0066400.01]]>
              </value>
            </param>
            <param index="23">
              <value>
                <![CDATA[6406-0-100000000]]>
              </value>
            </param>
            <param index="24">
              <value>
                <![CDATA[1]]>
              </value>
            </param>
            <param index="25">
              <value>
                <![CDATA[1]]>
              </value>
            </param>
          </params>
          <reporter-output>
          </reporter-output>
        </test-method> <!-- OpenLimitControl -->
        <test-method status="PASS" signature="tearDown()[pri:0, instance:Testcases.OpenLimitControlTest@3ac3fd8b]" name="tearDown" is-config="true" duration-ms="249" started-at="2016-03-17T17:57:47Z" finished-at="2016-03-17T17:57:48Z">
          <reporter-output>
          </reporter-output>
        </test-method> <!-- tearDown -->
      </class> <!-- Testcases.OpenLimitControlTest -->
    </test> <!-- Default test -->
  </suite> <!-- Default suite -->
</testng-results>
