<?xml version="1.0" encoding="UTF-8"?>
<testng-results skipped="0" failed="1" total="12" passed="11">
  <reporter-output>
  </reporter-output>
  <suite name="Default suite" duration-ms="268726" started-at="2016-03-21T03:44:00Z" finished-at="2016-03-21T03:48:29Z">
    <groups>
    </groups>
    <test name="Default test" duration-ms="268726" started-at="2016-03-21T03:44:00Z" finished-at="2016-03-21T03:48:29Z">
      <class name="Testcases.OpenIndividualCustomerTest">
        <test-method status="PASS" signature="setUp()[pri:0, instance:Testcases.OpenIndividualCustomerTest@3ac3fd8b]" name="setUp" is-config="true" duration-ms="3310" started-at="2016-03-21T10:44:01Z" finished-at="2016-03-21T10:44:04Z">
          <reporter-output>
          </reporter-output>
        </test-method> <!-- setUp -->
        <test-method status="PASS" signature="OpenIndividualCustomer(java.lang.String, java.lang.String, java.lang.String, java.lang.String, java.lang.String, java.lang.String, java.lang.String, java.lang.String, java.lang.String, java.lang.String, java.lang.String, java.lang.String, java.lang.String, java.lang.String, java.lang.String, java.lang.String, java.lang.String, java.lang.String, java.lang.String, java.lang.String)[pri:0, instance:Testcases.OpenIndividualCustomerTest@3ac3fd8b]" name="OpenIndividualCustomer" duration-ms="25606" started-at="2016-03-21T10:44:04Z" data-provider="DataSource" finished-at="2016-03-21T10:44:30Z">
          <params>
            <param index="0">
              <value>
                <![CDATA[1]]>
              </value>
            </param>
            <param index="1">
              <value>
                <![CDATA[1001]]>
              </value>
            </param>
            <param index="2">
              <value>
                <![CDATA[010101]]>
              </value>
            </param>
            <param index="3">
              <value>
                <![CDATA[999]]>
              </value>
            </param>
            <param index="4">
              <value>
                <![CDATA[Identification Card]]>
              </value>
            </param>
            <param index="5">
              <value>
                <![CDATA[N]]>
              </value>
            </param>
            <param index="6">
              <value>
                <![CDATA[Ha Noi]]>
              </value>
            </param>
            <param index="7">
              <value>
                <![CDATA[19910101]]>
              </value>
            </param>
            <param index="8">
              <value>
                <![CDATA[N]]>
              </value>
            </param>
            <param index="9">
              <value>
                <![CDATA[VN]]>
              </value>
            </param>
            <param index="10">
              <value>
                <![CDATA[VN]]>
              </value>
            </param>
            <param index="11">
              <value>
                <![CDATA[1]]>
              </value>
            </param>
            <param index="12">
              <value>
                <![CDATA[VN0010133]]>
              </value>
            </param>
            <param index="13">
              <value>
                <![CDATA[19910101]]>
              </value>
            </param>
            <param index="14">
              <value>
                <![CDATA[1111]]>
              </value>
            </param>
            <param index="15">
              <value>
                <![CDATA[1111]]>
              </value>
            </param>
            <param index="16">
              <value>
                <![CDATA[M]]>
              </value>
            </param>
            <param index="17">
              <value>
                <![CDATA[Mobile]]>
              </value>
            </param>
            <param index="18">
              <value>
                <![CDATA[0929568568]]>
              </value>
            </param>
            <param index="19">
              <value>
                <![CDATA[lananh6@vpbank.com.vn]]>
              </value>
            </param>
          </params>
          <reporter-output>
          </reporter-output>
        </test-method> <!-- OpenIndividualCustomer -->
        <test-method status="PASS" signature="tearDown()[pri:0, instance:Testcases.OpenIndividualCustomerTest@3ac3fd8b]" name="tearDown" is-config="true" duration-ms="329" started-at="2016-03-21T10:44:30Z" finished-at="2016-03-21T10:44:30Z">
          <reporter-output>
          </reporter-output>
        </test-method> <!-- tearDown -->
        <test-method status="PASS" signature="setUp()[pri:0, instance:Testcases.OpenIndividualCustomerTest@3ac3fd8b]" name="setUp" is-config="true" duration-ms="2510" started-at="2016-03-21T10:44:30Z" finished-at="2016-03-21T10:44:32Z">
          <reporter-output>
          </reporter-output>
        </test-method> <!-- setUp -->
        <test-method status="PASS" signature="OpenIndividualCustomer(java.lang.String, java.lang.String, java.lang.String, java.lang.String, java.lang.String, java.lang.String, java.lang.String, java.lang.String, java.lang.String, java.lang.String, java.lang.String, java.lang.String, java.lang.String, java.lang.String, java.lang.String, java.lang.String, java.lang.String, java.lang.String, java.lang.String, java.lang.String)[pri:0, instance:Testcases.OpenIndividualCustomerTest@3ac3fd8b]" name="OpenIndividualCustomer" duration-ms="21393" started-at="2016-03-21T10:44:32Z" data-provider="DataSource" finished-at="2016-03-21T10:44:54Z">
          <params>
            <param index="0">
              <value>
                <![CDATA[2]]>
              </value>
            </param>
            <param index="1">
              <value>
                <![CDATA[1001]]>
              </value>
            </param>
            <param index="2">
              <value>
                <![CDATA[010101]]>
              </value>
            </param>
            <param index="3">
              <value>
                <![CDATA[999]]>
              </value>
            </param>
            <param index="4">
              <value>
                <![CDATA[Identification Card]]>
              </value>
            </param>
            <param index="5">
              <value>
                <![CDATA[N]]>
              </value>
            </param>
            <param index="6">
              <value>
                <![CDATA[Ha Noi]]>
              </value>
            </param>
            <param index="7">
              <value>
                <![CDATA[19910101]]>
              </value>
            </param>
            <param index="8">
              <value>
                <![CDATA[N]]>
              </value>
            </param>
            <param index="9">
              <value>
                <![CDATA[VN]]>
              </value>
            </param>
            <param index="10">
              <value>
                <![CDATA[VN]]>
              </value>
            </param>
            <param index="11">
              <value>
                <![CDATA[1]]>
              </value>
            </param>
            <param index="12">
              <value>
                <![CDATA[VN0010133]]>
              </value>
            </param>
            <param index="13">
              <value>
                <![CDATA[19910101]]>
              </value>
            </param>
            <param index="14">
              <value>
                <![CDATA[1111]]>
              </value>
            </param>
            <param index="15">
              <value>
                <![CDATA[1111]]>
              </value>
            </param>
            <param index="16">
              <value>
                <![CDATA[M]]>
              </value>
            </param>
            <param index="17">
              <value>
                <![CDATA[Mobile]]>
              </value>
            </param>
            <param index="18">
              <value>
                <![CDATA[0929568568]]>
              </value>
            </param>
            <param index="19">
              <value>
                <![CDATA[lananh6@vpbank.com.vn]]>
              </value>
            </param>
          </params>
          <reporter-output>
          </reporter-output>
        </test-method> <!-- OpenIndividualCustomer -->
        <test-method status="PASS" signature="tearDown()[pri:0, instance:Testcases.OpenIndividualCustomerTest@3ac3fd8b]" name="tearDown" is-config="true" duration-ms="156" started-at="2016-03-21T10:44:54Z" finished-at="2016-03-21T10:44:54Z">
          <reporter-output>
          </reporter-output>
        </test-method> <!-- tearDown -->
        <test-method status="PASS" signature="setUp()[pri:0, instance:Testcases.OpenIndividualCustomerTest@3ac3fd8b]" name="setUp" is-config="true" duration-ms="2453" started-at="2016-03-21T10:44:54Z" finished-at="2016-03-21T10:44:56Z">
          <reporter-output>
          </reporter-output>
        </test-method> <!-- setUp -->
        <test-method status="PASS" signature="OpenIndividualCustomer(java.lang.String, java.lang.String, java.lang.String, java.lang.String, java.lang.String, java.lang.String, java.lang.String, java.lang.String, java.lang.String, java.lang.String, java.lang.String, java.lang.String, java.lang.String, java.lang.String, java.lang.String, java.lang.String, java.lang.String, java.lang.String, java.lang.String, java.lang.String)[pri:0, instance:Testcases.OpenIndividualCustomerTest@3ac3fd8b]" name="OpenIndividualCustomer" duration-ms="21922" started-at="2016-03-21T10:44:56Z" data-provider="DataSource" finished-at="2016-03-21T10:45:18Z">
          <params>
            <param index="0">
              <value>
                <![CDATA[3]]>
              </value>
            </param>
            <param index="1">
              <value>
                <![CDATA[1001]]>
              </value>
            </param>
            <param index="2">
              <value>
                <![CDATA[010101]]>
              </value>
            </param>
            <param index="3">
              <value>
                <![CDATA[999]]>
              </value>
            </param>
            <param index="4">
              <value>
                <![CDATA[Identification Card]]>
              </value>
            </param>
            <param index="5">
              <value>
                <![CDATA[N]]>
              </value>
            </param>
            <param index="6">
              <value>
                <![CDATA[Ha Noi]]>
              </value>
            </param>
            <param index="7">
              <value>
                <![CDATA[19910101]]>
              </value>
            </param>
            <param index="8">
              <value>
                <![CDATA[N]]>
              </value>
            </param>
            <param index="9">
              <value>
                <![CDATA[VN]]>
              </value>
            </param>
            <param index="10">
              <value>
                <![CDATA[VN]]>
              </value>
            </param>
            <param index="11">
              <value>
                <![CDATA[1]]>
              </value>
            </param>
            <param index="12">
              <value>
                <![CDATA[VN0010133]]>
              </value>
            </param>
            <param index="13">
              <value>
                <![CDATA[19910101]]>
              </value>
            </param>
            <param index="14">
              <value>
                <![CDATA[1111]]>
              </value>
            </param>
            <param index="15">
              <value>
                <![CDATA[1111]]>
              </value>
            </param>
            <param index="16">
              <value>
                <![CDATA[M]]>
              </value>
            </param>
            <param index="17">
              <value>
                <![CDATA[Mobile]]>
              </value>
            </param>
            <param index="18">
              <value>
                <![CDATA[0929568568]]>
              </value>
            </param>
            <param index="19">
              <value>
                <![CDATA[lananh6@vpbank.com.vn]]>
              </value>
            </param>
          </params>
          <reporter-output>
          </reporter-output>
        </test-method> <!-- OpenIndividualCustomer -->
        <test-method status="PASS" signature="tearDown()[pri:0, instance:Testcases.OpenIndividualCustomerTest@3ac3fd8b]" name="tearDown" is-config="true" duration-ms="156" started-at="2016-03-21T10:45:18Z" finished-at="2016-03-21T10:45:19Z">
          <reporter-output>
          </reporter-output>
        </test-method> <!-- tearDown -->
        <test-method status="PASS" signature="setUp()[pri:0, instance:Testcases.OpenIndividualCustomerTest@3ac3fd8b]" name="setUp" is-config="true" duration-ms="2358" started-at="2016-03-21T10:45:19Z" finished-at="2016-03-21T10:45:21Z">
          <reporter-output>
          </reporter-output>
        </test-method> <!-- setUp -->
        <test-method status="PASS" signature="OpenIndividualCustomer(java.lang.String, java.lang.String, java.lang.String, java.lang.String, java.lang.String, java.lang.String, java.lang.String, java.lang.String, java.lang.String, java.lang.String, java.lang.String, java.lang.String, java.lang.String, java.lang.String, java.lang.String, java.lang.String, java.lang.String, java.lang.String, java.lang.String, java.lang.String)[pri:0, instance:Testcases.OpenIndividualCustomerTest@3ac3fd8b]" name="OpenIndividualCustomer" duration-ms="18879" started-at="2016-03-21T10:45:21Z" data-provider="DataSource" finished-at="2016-03-21T10:45:40Z">
          <params>
            <param index="0">
              <value>
                <![CDATA[4]]>
              </value>
            </param>
            <param index="1">
              <value>
                <![CDATA[1001]]>
              </value>
            </param>
            <param index="2">
              <value>
                <![CDATA[010101]]>
              </value>
            </param>
            <param index="3">
              <value>
                <![CDATA[999]]>
              </value>
            </param>
            <param index="4">
              <value>
                <![CDATA[Identification Card]]>
              </value>
            </param>
            <param index="5">
              <value>
                <![CDATA[N]]>
              </value>
            </param>
            <param index="6">
              <value>
                <![CDATA[Ha Noi]]>
              </value>
            </param>
            <param index="7">
              <value>
                <![CDATA[19910101]]>
              </value>
            </param>
            <param index="8">
              <value>
                <![CDATA[N]]>
              </value>
            </param>
            <param index="9">
              <value>
                <![CDATA[VN]]>
              </value>
            </param>
            <param index="10">
              <value>
                <![CDATA[VN]]>
              </value>
            </param>
            <param index="11">
              <value>
                <![CDATA[1]]>
              </value>
            </param>
            <param index="12">
              <value>
                <![CDATA[VN0010133]]>
              </value>
            </param>
            <param index="13">
              <value>
                <![CDATA[19910101]]>
              </value>
            </param>
            <param index="14">
              <value>
                <![CDATA[1111]]>
              </value>
            </param>
            <param index="15">
              <value>
                <![CDATA[1111]]>
              </value>
            </param>
            <param index="16">
              <value>
                <![CDATA[M]]>
              </value>
            </param>
            <param index="17">
              <value>
                <![CDATA[Mobile]]>
              </value>
            </param>
            <param index="18">
              <value>
                <![CDATA[0929568568]]>
              </value>
            </param>
            <param index="19">
              <value>
                <![CDATA[lananh6@vpbank.com.vn]]>
              </value>
            </param>
          </params>
          <reporter-output>
          </reporter-output>
        </test-method> <!-- OpenIndividualCustomer -->
        <test-method status="PASS" signature="tearDown()[pri:0, instance:Testcases.OpenIndividualCustomerTest@3ac3fd8b]" name="tearDown" is-config="true" duration-ms="166" started-at="2016-03-21T10:45:40Z" finished-at="2016-03-21T10:45:40Z">
          <reporter-output>
          </reporter-output>
        </test-method> <!-- tearDown -->
        <test-method status="PASS" signature="setUp()[pri:0, instance:Testcases.OpenIndividualCustomerTest@3ac3fd8b]" name="setUp" is-config="true" duration-ms="2487" started-at="2016-03-21T10:45:40Z" finished-at="2016-03-21T10:45:42Z">
          <reporter-output>
          </reporter-output>
        </test-method> <!-- setUp -->
        <test-method status="FAIL" signature="OpenIndividualCustomer(java.lang.String, java.lang.String, java.lang.String, java.lang.String, java.lang.String, java.lang.String, java.lang.String, java.lang.String, java.lang.String, java.lang.String, java.lang.String, java.lang.String, java.lang.String, java.lang.String, java.lang.String, java.lang.String, java.lang.String, java.lang.String, java.lang.String, java.lang.String)[pri:0, instance:Testcases.OpenIndividualCustomerTest@3ac3fd8b]" name="OpenIndividualCustomer" duration-ms="17268" started-at="2016-03-21T10:45:42Z" data-provider="DataSource" finished-at="2016-03-21T10:46:00Z">
          <params>
            <param index="0">
              <value>
                <![CDATA[5]]>
              </value>
            </param>
            <param index="1">
              <value>
                <![CDATA[1001]]>
              </value>
            </param>
            <param index="2">
              <value>
                <![CDATA[010101]]>
              </value>
            </param>
            <param index="3">
              <value>
                <![CDATA[999]]>
              </value>
            </param>
            <param index="4">
              <value>
                <![CDATA[Identification Card]]>
              </value>
            </param>
            <param index="5">
              <value>
                <![CDATA[N]]>
              </value>
            </param>
            <param index="6">
              <value>
                <![CDATA[Ha Noi]]>
              </value>
            </param>
            <param index="7">
              <value>
                <![CDATA[19910101]]>
              </value>
            </param>
            <param index="8">
              <value>
                <![CDATA[N]]>
              </value>
            </param>
            <param index="9">
              <value>
                <![CDATA[VN]]>
              </value>
            </param>
            <param index="10">
              <value>
                <![CDATA[VN]]>
              </value>
            </param>
            <param index="11">
              <value>
                <![CDATA[1]]>
              </value>
            </param>
            <param index="12">
              <value>
                <![CDATA[VN0010133]]>
              </value>
            </param>
            <param index="13">
              <value>
                <![CDATA[19910101]]>
              </value>
            </param>
            <param index="14">
              <value>
                <![CDATA[1111]]>
              </value>
            </param>
            <param index="15">
              <value>
                <![CDATA[1111]]>
              </value>
            </param>
            <param index="16">
              <value>
                <![CDATA[M]]>
              </value>
            </param>
            <param index="17">
              <value>
                <![CDATA[Mobile]]>
              </value>
            </param>
            <param index="18">
              <value>
                <![CDATA[0929568568]]>
              </value>
            </param>
            <param index="19">
              <value>
                <![CDATA[lananh6@vpbank.com.vn]]>
              </value>
            </param>
          </params>
          <exception class="java.util.NoSuchElementException">
            <full-stacktrace>
              <![CDATA[java.util.NoSuchElementException
	at java.util.LinkedHashMap$LinkedHashIterator.nextNode(LinkedHashMap.java:713)
	at java.util.LinkedHashMap$LinkedKeyIterator.next(LinkedHashMap.java:734)
	at Testcases.SignInTest.switchChildId(SignInTest.java:97)
	at Testcases.SignInTest.navigateToVersion(SignInTest.java:86)
	at Testcases.OpenIndividualCustomerTest.OpenIndividualCustomer(OpenIndividualCustomerTest.java:171)
	at sun.reflect.NativeMethodAccessorImpl.invoke0(Native Method)
	at sun.reflect.NativeMethodAccessorImpl.invoke(NativeMethodAccessorImpl.java:62)
	at sun.reflect.DelegatingMethodAccessorImpl.invoke(DelegatingMethodAccessorImpl.java:43)
	at java.lang.reflect.Method.invoke(Method.java:497)
	at org.testng.internal.MethodInvocationHelper.invokeMethod(MethodInvocationHelper.java:86)
	at org.testng.internal.Invoker.invokeMethod(Invoker.java:643)
	at org.testng.internal.Invoker.invokeTestMethod(Invoker.java:820)
	at org.testng.internal.Invoker.invokeTestMethods(Invoker.java:1128)
	at org.testng.internal.TestMethodWorker.invokeTestMethods(TestMethodWorker.java:129)
	at org.testng.internal.TestMethodWorker.run(TestMethodWorker.java:112)
	at org.testng.TestRunner.privateRun(TestRunner.java:782)
	at org.testng.TestRunner.run(TestRunner.java:632)
	at org.testng.SuiteRunner.runTest(SuiteRunner.java:366)
	at org.testng.SuiteRunner.runSequentially(SuiteRunner.java:361)
	at org.testng.SuiteRunner.privateRun(SuiteRunner.java:319)
	at org.testng.SuiteRunner.run(SuiteRunner.java:268)
	at org.testng.SuiteRunnerWorker.runSuite(SuiteRunnerWorker.java:52)
	at org.testng.SuiteRunnerWorker.run(SuiteRunnerWorker.java:86)
	at org.testng.TestNG.runSuitesSequentially(TestNG.java:1244)
	at org.testng.TestNG.runSuitesLocally(TestNG.java:1169)
	at org.testng.TestNG.run(TestNG.java:1064)
	at org.testng.remote.RemoteTestNG.run(RemoteTestNG.java:113)
	at org.testng.remote.RemoteTestNG.initAndRun(RemoteTestNG.java:206)
	at org.testng.remote.RemoteTestNG.main(RemoteTestNG.java:177)
]]>
            </full-stacktrace>
          </exception> <!-- java.util.NoSuchElementException -->
          <reporter-output>
          </reporter-output>
        </test-method> <!-- OpenIndividualCustomer -->
        <test-method status="PASS" signature="tearDown()[pri:0, instance:Testcases.OpenIndividualCustomerTest@3ac3fd8b]" name="tearDown" is-config="true" duration-ms="151" started-at="2016-03-21T10:46:00Z" finished-at="2016-03-21T10:46:00Z">
          <reporter-output>
          </reporter-output>
        </test-method> <!-- tearDown -->
        <test-method status="PASS" signature="setUp()[pri:0, instance:Testcases.OpenIndividualCustomerTest@3ac3fd8b]" name="setUp" is-config="true" duration-ms="2710" started-at="2016-03-21T10:46:00Z" finished-at="2016-03-21T10:46:03Z">
          <reporter-output>
          </reporter-output>
        </test-method> <!-- setUp -->
        <test-method status="PASS" signature="OpenIndividualCustomer(java.lang.String, java.lang.String, java.lang.String, java.lang.String, java.lang.String, java.lang.String, java.lang.String, java.lang.String, java.lang.String, java.lang.String, java.lang.String, java.lang.String, java.lang.String, java.lang.String, java.lang.String, java.lang.String, java.lang.String, java.lang.String, java.lang.String, java.lang.String)[pri:0, instance:Testcases.OpenIndividualCustomerTest@3ac3fd8b]" name="OpenIndividualCustomer" duration-ms="19036" started-at="2016-03-21T10:46:03Z" data-provider="DataSource" finished-at="2016-03-21T10:46:22Z">
          <params>
            <param index="0">
              <value>
                <![CDATA[6]]>
              </value>
            </param>
            <param index="1">
              <value>
                <![CDATA[1001]]>
              </value>
            </param>
            <param index="2">
              <value>
                <![CDATA[010101]]>
              </value>
            </param>
            <param index="3">
              <value>
                <![CDATA[999]]>
              </value>
            </param>
            <param index="4">
              <value>
                <![CDATA[Identification Card]]>
              </value>
            </param>
            <param index="5">
              <value>
                <![CDATA[N]]>
              </value>
            </param>
            <param index="6">
              <value>
                <![CDATA[Ha Noi]]>
              </value>
            </param>
            <param index="7">
              <value>
                <![CDATA[19910101]]>
              </value>
            </param>
            <param index="8">
              <value>
                <![CDATA[N]]>
              </value>
            </param>
            <param index="9">
              <value>
                <![CDATA[VN]]>
              </value>
            </param>
            <param index="10">
              <value>
                <![CDATA[VN]]>
              </value>
            </param>
            <param index="11">
              <value>
                <![CDATA[1]]>
              </value>
            </param>
            <param index="12">
              <value>
                <![CDATA[VN0010133]]>
              </value>
            </param>
            <param index="13">
              <value>
                <![CDATA[19910101]]>
              </value>
            </param>
            <param index="14">
              <value>
                <![CDATA[1111]]>
              </value>
            </param>
            <param index="15">
              <value>
                <![CDATA[1111]]>
              </value>
            </param>
            <param index="16">
              <value>
                <![CDATA[M]]>
              </value>
            </param>
            <param index="17">
              <value>
                <![CDATA[Mobile]]>
              </value>
            </param>
            <param index="18">
              <value>
                <![CDATA[0929568568]]>
              </value>
            </param>
            <param index="19">
              <value>
                <![CDATA[lananh6@vpbank.com.vn]]>
              </value>
            </param>
          </params>
          <reporter-output>
          </reporter-output>
        </test-method> <!-- OpenIndividualCustomer -->
        <test-method status="PASS" signature="tearDown()[pri:0, instance:Testcases.OpenIndividualCustomerTest@3ac3fd8b]" name="tearDown" is-config="true" duration-ms="175" started-at="2016-03-21T10:46:22Z" finished-at="2016-03-21T10:46:22Z">
          <reporter-output>
          </reporter-output>
        </test-method> <!-- tearDown -->
        <test-method status="PASS" signature="setUp()[pri:0, instance:Testcases.OpenIndividualCustomerTest@3ac3fd8b]" name="setUp" is-config="true" duration-ms="2231" started-at="2016-03-21T10:46:22Z" finished-at="2016-03-21T10:46:24Z">
          <reporter-output>
          </reporter-output>
        </test-method> <!-- setUp -->
        <test-method status="PASS" signature="OpenIndividualCustomer(java.lang.String, java.lang.String, java.lang.String, java.lang.String, java.lang.String, java.lang.String, java.lang.String, java.lang.String, java.lang.String, java.lang.String, java.lang.String, java.lang.String, java.lang.String, java.lang.String, java.lang.String, java.lang.String, java.lang.String, java.lang.String, java.lang.String, java.lang.String)[pri:0, instance:Testcases.OpenIndividualCustomerTest@3ac3fd8b]" name="OpenIndividualCustomer" duration-ms="18500" started-at="2016-03-21T10:46:24Z" data-provider="DataSource" finished-at="2016-03-21T10:46:43Z">
          <params>
            <param index="0">
              <value>
                <![CDATA[7]]>
              </value>
            </param>
            <param index="1">
              <value>
                <![CDATA[1001]]>
              </value>
            </param>
            <param index="2">
              <value>
                <![CDATA[010101]]>
              </value>
            </param>
            <param index="3">
              <value>
                <![CDATA[999]]>
              </value>
            </param>
            <param index="4">
              <value>
                <![CDATA[Identification Card]]>
              </value>
            </param>
            <param index="5">
              <value>
                <![CDATA[N]]>
              </value>
            </param>
            <param index="6">
              <value>
                <![CDATA[Ha Noi]]>
              </value>
            </param>
            <param index="7">
              <value>
                <![CDATA[19910101]]>
              </value>
            </param>
            <param index="8">
              <value>
                <![CDATA[N]]>
              </value>
            </param>
            <param index="9">
              <value>
                <![CDATA[VN]]>
              </value>
            </param>
            <param index="10">
              <value>
                <![CDATA[VN]]>
              </value>
            </param>
            <param index="11">
              <value>
                <![CDATA[1]]>
              </value>
            </param>
            <param index="12">
              <value>
                <![CDATA[VN0010133]]>
              </value>
            </param>
            <param index="13">
              <value>
                <![CDATA[19910101]]>
              </value>
            </param>
            <param index="14">
              <value>
                <![CDATA[1111]]>
              </value>
            </param>
            <param index="15">
              <value>
                <![CDATA[1111]]>
              </value>
            </param>
            <param index="16">
              <value>
                <![CDATA[M]]>
              </value>
            </param>
            <param index="17">
              <value>
                <![CDATA[Mobile]]>
              </value>
            </param>
            <param index="18">
              <value>
                <![CDATA[0929568568]]>
              </value>
            </param>
            <param index="19">
              <value>
                <![CDATA[lananh6@vpbank.com.vn]]>
              </value>
            </param>
          </params>
          <reporter-output>
          </reporter-output>
        </test-method> <!-- OpenIndividualCustomer -->
        <test-method status="PASS" signature="tearDown()[pri:0, instance:Testcases.OpenIndividualCustomerTest@3ac3fd8b]" name="tearDown" is-config="true" duration-ms="174" started-at="2016-03-21T10:46:43Z" finished-at="2016-03-21T10:46:43Z">
          <reporter-output>
          </reporter-output>
        </test-method> <!-- tearDown -->
        <test-method status="PASS" signature="setUp()[pri:0, instance:Testcases.OpenIndividualCustomerTest@3ac3fd8b]" name="setUp" is-config="true" duration-ms="2388" started-at="2016-03-21T10:46:43Z" finished-at="2016-03-21T10:46:45Z">
          <reporter-output>
          </reporter-output>
        </test-method> <!-- setUp -->
        <test-method status="PASS" signature="OpenIndividualCustomer(java.lang.String, java.lang.String, java.lang.String, java.lang.String, java.lang.String, java.lang.String, java.lang.String, java.lang.String, java.lang.String, java.lang.String, java.lang.String, java.lang.String, java.lang.String, java.lang.String, java.lang.String, java.lang.String, java.lang.String, java.lang.String, java.lang.String, java.lang.String)[pri:0, instance:Testcases.OpenIndividualCustomerTest@3ac3fd8b]" name="OpenIndividualCustomer" duration-ms="18610" started-at="2016-03-21T10:46:45Z" data-provider="DataSource" finished-at="2016-03-21T10:47:04Z">
          <params>
            <param index="0">
              <value>
                <![CDATA[8]]>
              </value>
            </param>
            <param index="1">
              <value>
                <![CDATA[1001]]>
              </value>
            </param>
            <param index="2">
              <value>
                <![CDATA[010101]]>
              </value>
            </param>
            <param index="3">
              <value>
                <![CDATA[999]]>
              </value>
            </param>
            <param index="4">
              <value>
                <![CDATA[Identification Card]]>
              </value>
            </param>
            <param index="5">
              <value>
                <![CDATA[N]]>
              </value>
            </param>
            <param index="6">
              <value>
                <![CDATA[Ha Noi]]>
              </value>
            </param>
            <param index="7">
              <value>
                <![CDATA[19910101]]>
              </value>
            </param>
            <param index="8">
              <value>
                <![CDATA[N]]>
              </value>
            </param>
            <param index="9">
              <value>
                <![CDATA[VN]]>
              </value>
            </param>
            <param index="10">
              <value>
                <![CDATA[VN]]>
              </value>
            </param>
            <param index="11">
              <value>
                <![CDATA[1]]>
              </value>
            </param>
            <param index="12">
              <value>
                <![CDATA[VN0010133]]>
              </value>
            </param>
            <param index="13">
              <value>
                <![CDATA[19910101]]>
              </value>
            </param>
            <param index="14">
              <value>
                <![CDATA[1111]]>
              </value>
            </param>
            <param index="15">
              <value>
                <![CDATA[1111]]>
              </value>
            </param>
            <param index="16">
              <value>
                <![CDATA[M]]>
              </value>
            </param>
            <param index="17">
              <value>
                <![CDATA[Mobile]]>
              </value>
            </param>
            <param index="18">
              <value>
                <![CDATA[0929568568]]>
              </value>
            </param>
            <param index="19">
              <value>
                <![CDATA[lananh6@vpbank.com.vn]]>
              </value>
            </param>
          </params>
          <reporter-output>
          </reporter-output>
        </test-method> <!-- OpenIndividualCustomer -->
        <test-method status="PASS" signature="tearDown()[pri:0, instance:Testcases.OpenIndividualCustomerTest@3ac3fd8b]" name="tearDown" is-config="true" duration-ms="179" started-at="2016-03-21T10:47:04Z" finished-at="2016-03-21T10:47:04Z">
          <reporter-output>
          </reporter-output>
        </test-method> <!-- tearDown -->
        <test-method status="PASS" signature="setUp()[pri:0, instance:Testcases.OpenIndividualCustomerTest@3ac3fd8b]" name="setUp" is-config="true" duration-ms="2402" started-at="2016-03-21T10:47:04Z" finished-at="2016-03-21T10:47:06Z">
          <reporter-output>
          </reporter-output>
        </test-method> <!-- setUp -->
        <test-method status="PASS" signature="OpenIndividualCustomer(java.lang.String, java.lang.String, java.lang.String, java.lang.String, java.lang.String, java.lang.String, java.lang.String, java.lang.String, java.lang.String, java.lang.String, java.lang.String, java.lang.String, java.lang.String, java.lang.String, java.lang.String, java.lang.String, java.lang.String, java.lang.String, java.lang.String, java.lang.String)[pri:0, instance:Testcases.OpenIndividualCustomerTest@3ac3fd8b]" name="OpenIndividualCustomer" duration-ms="18603" started-at="2016-03-21T10:47:06Z" data-provider="DataSource" finished-at="2016-03-21T10:47:25Z">
          <params>
            <param index="0">
              <value>
                <![CDATA[9]]>
              </value>
            </param>
            <param index="1">
              <value>
                <![CDATA[1001]]>
              </value>
            </param>
            <param index="2">
              <value>
                <![CDATA[010101]]>
              </value>
            </param>
            <param index="3">
              <value>
                <![CDATA[999]]>
              </value>
            </param>
            <param index="4">
              <value>
                <![CDATA[Identification Card]]>
              </value>
            </param>
            <param index="5">
              <value>
                <![CDATA[N]]>
              </value>
            </param>
            <param index="6">
              <value>
                <![CDATA[Ha Noi]]>
              </value>
            </param>
            <param index="7">
              <value>
                <![CDATA[19910101]]>
              </value>
            </param>
            <param index="8">
              <value>
                <![CDATA[N]]>
              </value>
            </param>
            <param index="9">
              <value>
                <![CDATA[VN]]>
              </value>
            </param>
            <param index="10">
              <value>
                <![CDATA[VN]]>
              </value>
            </param>
            <param index="11">
              <value>
                <![CDATA[1]]>
              </value>
            </param>
            <param index="12">
              <value>
                <![CDATA[VN0010133]]>
              </value>
            </param>
            <param index="13">
              <value>
                <![CDATA[19910101]]>
              </value>
            </param>
            <param index="14">
              <value>
                <![CDATA[1111]]>
              </value>
            </param>
            <param index="15">
              <value>
                <![CDATA[1111]]>
              </value>
            </param>
            <param index="16">
              <value>
                <![CDATA[M]]>
              </value>
            </param>
            <param index="17">
              <value>
                <![CDATA[Mobile]]>
              </value>
            </param>
            <param index="18">
              <value>
                <![CDATA[0929568568]]>
              </value>
            </param>
            <param index="19">
              <value>
                <![CDATA[lananh6@vpbank.com.vn]]>
              </value>
            </param>
          </params>
          <reporter-output>
          </reporter-output>
        </test-method> <!-- OpenIndividualCustomer -->
        <test-method status="PASS" signature="tearDown()[pri:0, instance:Testcases.OpenIndividualCustomerTest@3ac3fd8b]" name="tearDown" is-config="true" duration-ms="171" started-at="2016-03-21T10:47:25Z" finished-at="2016-03-21T10:47:25Z">
          <reporter-output>
          </reporter-output>
        </test-method> <!-- tearDown -->
        <test-method status="PASS" signature="setUp()[pri:0, instance:Testcases.OpenIndividualCustomerTest@3ac3fd8b]" name="setUp" is-config="true" duration-ms="2569" started-at="2016-03-21T10:47:25Z" finished-at="2016-03-21T10:47:28Z">
          <reporter-output>
          </reporter-output>
        </test-method> <!-- setUp -->
        <test-method status="PASS" signature="OpenIndividualCustomer(java.lang.String, java.lang.String, java.lang.String, java.lang.String, java.lang.String, java.lang.String, java.lang.String, java.lang.String, java.lang.String, java.lang.String, java.lang.String, java.lang.String, java.lang.String, java.lang.String, java.lang.String, java.lang.String, java.lang.String, java.lang.String, java.lang.String, java.lang.String)[pri:0, instance:Testcases.OpenIndividualCustomerTest@3ac3fd8b]" name="OpenIndividualCustomer" duration-ms="19129" started-at="2016-03-21T10:47:28Z" data-provider="DataSource" finished-at="2016-03-21T10:47:47Z">
          <params>
            <param index="0">
              <value>
                <![CDATA[10]]>
              </value>
            </param>
            <param index="1">
              <value>
                <![CDATA[1001]]>
              </value>
            </param>
            <param index="2">
              <value>
                <![CDATA[010101]]>
              </value>
            </param>
            <param index="3">
              <value>
                <![CDATA[999]]>
              </value>
            </param>
            <param index="4">
              <value>
                <![CDATA[Identification Card]]>
              </value>
            </param>
            <param index="5">
              <value>
                <![CDATA[N]]>
              </value>
            </param>
            <param index="6">
              <value>
                <![CDATA[Ha Noi]]>
              </value>
            </param>
            <param index="7">
              <value>
                <![CDATA[19910101]]>
              </value>
            </param>
            <param index="8">
              <value>
                <![CDATA[N]]>
              </value>
            </param>
            <param index="9">
              <value>
                <![CDATA[VN]]>
              </value>
            </param>
            <param index="10">
              <value>
                <![CDATA[VN]]>
              </value>
            </param>
            <param index="11">
              <value>
                <![CDATA[1]]>
              </value>
            </param>
            <param index="12">
              <value>
                <![CDATA[VN0010133]]>
              </value>
            </param>
            <param index="13">
              <value>
                <![CDATA[19910101]]>
              </value>
            </param>
            <param index="14">
              <value>
                <![CDATA[1111]]>
              </value>
            </param>
            <param index="15">
              <value>
                <![CDATA[1111]]>
              </value>
            </param>
            <param index="16">
              <value>
                <![CDATA[M]]>
              </value>
            </param>
            <param index="17">
              <value>
                <![CDATA[Mobile]]>
              </value>
            </param>
            <param index="18">
              <value>
                <![CDATA[0929568568]]>
              </value>
            </param>
            <param index="19">
              <value>
                <![CDATA[lananh6@vpbank.com.vn]]>
              </value>
            </param>
          </params>
          <reporter-output>
          </reporter-output>
        </test-method> <!-- OpenIndividualCustomer -->
        <test-method status="PASS" signature="tearDown()[pri:0, instance:Testcases.OpenIndividualCustomerTest@3ac3fd8b]" name="tearDown" is-config="true" duration-ms="172" started-at="2016-03-21T10:47:47Z" finished-at="2016-03-21T10:47:47Z">
          <reporter-output>
          </reporter-output>
        </test-method> <!-- tearDown -->
        <test-method status="PASS" signature="setUp()[pri:0, instance:Testcases.OpenIndividualCustomerTest@3ac3fd8b]" name="setUp" is-config="true" duration-ms="2324" started-at="2016-03-21T10:47:47Z" finished-at="2016-03-21T10:47:49Z">
          <reporter-output>
          </reporter-output>
        </test-method> <!-- setUp -->
        <test-method status="PASS" signature="OpenIndividualCustomer(java.lang.String, java.lang.String, java.lang.String, java.lang.String, java.lang.String, java.lang.String, java.lang.String, java.lang.String, java.lang.String, java.lang.String, java.lang.String, java.lang.String, java.lang.String, java.lang.String, java.lang.String, java.lang.String, java.lang.String, java.lang.String, java.lang.String, java.lang.String)[pri:0, instance:Testcases.OpenIndividualCustomerTest@3ac3fd8b]" name="OpenIndividualCustomer" duration-ms="18593" started-at="2016-03-21T10:47:49Z" data-provider="DataSource" finished-at="2016-03-21T10:48:08Z">
          <params>
            <param index="0">
              <value>
                <![CDATA[11]]>
              </value>
            </param>
            <param index="1">
              <value>
                <![CDATA[1001]]>
              </value>
            </param>
            <param index="2">
              <value>
                <![CDATA[010101]]>
              </value>
            </param>
            <param index="3">
              <value>
                <![CDATA[999]]>
              </value>
            </param>
            <param index="4">
              <value>
                <![CDATA[Identification Card]]>
              </value>
            </param>
            <param index="5">
              <value>
                <![CDATA[N]]>
              </value>
            </param>
            <param index="6">
              <value>
                <![CDATA[Ha Noi]]>
              </value>
            </param>
            <param index="7">
              <value>
                <![CDATA[19910101]]>
              </value>
            </param>
            <param index="8">
              <value>
                <![CDATA[N]]>
              </value>
            </param>
            <param index="9">
              <value>
                <![CDATA[VN]]>
              </value>
            </param>
            <param index="10">
              <value>
                <![CDATA[VN]]>
              </value>
            </param>
            <param index="11">
              <value>
                <![CDATA[1]]>
              </value>
            </param>
            <param index="12">
              <value>
                <![CDATA[VN0010133]]>
              </value>
            </param>
            <param index="13">
              <value>
                <![CDATA[19910101]]>
              </value>
            </param>
            <param index="14">
              <value>
                <![CDATA[1111]]>
              </value>
            </param>
            <param index="15">
              <value>
                <![CDATA[1111]]>
              </value>
            </param>
            <param index="16">
              <value>
                <![CDATA[M]]>
              </value>
            </param>
            <param index="17">
              <value>
                <![CDATA[Mobile]]>
              </value>
            </param>
            <param index="18">
              <value>
                <![CDATA[0929568568]]>
              </value>
            </param>
            <param index="19">
              <value>
                <![CDATA[lananh6@vpbank.com.vn]]>
              </value>
            </param>
          </params>
          <reporter-output>
          </reporter-output>
        </test-method> <!-- OpenIndividualCustomer -->
        <test-method status="PASS" signature="tearDown()[pri:0, instance:Testcases.OpenIndividualCustomerTest@3ac3fd8b]" name="tearDown" is-config="true" duration-ms="165" started-at="2016-03-21T10:48:08Z" finished-at="2016-03-21T10:48:08Z">
          <reporter-output>
          </reporter-output>
        </test-method> <!-- tearDown -->
        <test-method status="PASS" signature="setUp()[pri:0, instance:Testcases.OpenIndividualCustomerTest@3ac3fd8b]" name="setUp" is-config="true" duration-ms="2033" started-at="2016-03-21T10:48:08Z" finished-at="2016-03-21T10:48:10Z">
          <reporter-output>
          </reporter-output>
        </test-method> <!-- setUp -->
        <test-method status="PASS" signature="OpenIndividualCustomer(java.lang.String, java.lang.String, java.lang.String, java.lang.String, java.lang.String, java.lang.String, java.lang.String, java.lang.String, java.lang.String, java.lang.String, java.lang.String, java.lang.String, java.lang.String, java.lang.String, java.lang.String, java.lang.String, java.lang.String, java.lang.String, java.lang.String, java.lang.String)[pri:0, instance:Testcases.OpenIndividualCustomerTest@3ac3fd8b]" name="OpenIndividualCustomer" duration-ms="18781" started-at="2016-03-21T10:48:10Z" data-provider="DataSource" finished-at="2016-03-21T10:48:29Z">
          <params>
            <param index="0">
              <value>
                <![CDATA[12]]>
              </value>
            </param>
            <param index="1">
              <value>
                <![CDATA[1001]]>
              </value>
            </param>
            <param index="2">
              <value>
                <![CDATA[010101]]>
              </value>
            </param>
            <param index="3">
              <value>
                <![CDATA[999]]>
              </value>
            </param>
            <param index="4">
              <value>
                <![CDATA[Identification Card]]>
              </value>
            </param>
            <param index="5">
              <value>
                <![CDATA[N]]>
              </value>
            </param>
            <param index="6">
              <value>
                <![CDATA[Ha Noi]]>
              </value>
            </param>
            <param index="7">
              <value>
                <![CDATA[19910101]]>
              </value>
            </param>
            <param index="8">
              <value>
                <![CDATA[N]]>
              </value>
            </param>
            <param index="9">
              <value>
                <![CDATA[VN]]>
              </value>
            </param>
            <param index="10">
              <value>
                <![CDATA[VN]]>
              </value>
            </param>
            <param index="11">
              <value>
                <![CDATA[1]]>
              </value>
            </param>
            <param index="12">
              <value>
                <![CDATA[VN0010133]]>
              </value>
            </param>
            <param index="13">
              <value>
                <![CDATA[19910101]]>
              </value>
            </param>
            <param index="14">
              <value>
                <![CDATA[1111]]>
              </value>
            </param>
            <param index="15">
              <value>
                <![CDATA[1111]]>
              </value>
            </param>
            <param index="16">
              <value>
                <![CDATA[M]]>
              </value>
            </param>
            <param index="17">
              <value>
                <![CDATA[Mobile]]>
              </value>
            </param>
            <param index="18">
              <value>
                <![CDATA[0929568568]]>
              </value>
            </param>
            <param index="19">
              <value>
                <![CDATA[lananh6@vpbank.com.vn]]>
              </value>
            </param>
          </params>
          <reporter-output>
          </reporter-output>
        </test-method> <!-- OpenIndividualCustomer -->
        <test-method status="PASS" signature="tearDown()[pri:0, instance:Testcases.OpenIndividualCustomerTest@3ac3fd8b]" name="tearDown" is-config="true" duration-ms="165" started-at="2016-03-21T10:48:29Z" finished-at="2016-03-21T10:48:29Z">
          <reporter-output>
          </reporter-output>
        </test-method> <!-- tearDown -->
      </class> <!-- Testcases.OpenIndividualCustomerTest -->
    </test> <!-- Default test -->
  </suite> <!-- Default suite -->
</testng-results>
